<?xml version="1.0" encoding="UTF-8"?>
<!-- Generated by org.testng.reporters.JUnitReportReporter -->
<testsuite hostname="DSR" failures="0" tests="1" name="test.TransactionsTest" time="13.596" errors="0" timestamp="2025-03-29T20:46:50 IST" skipped="0">
  <testcase classname="test.TransactionsTest" name="verifyEditTrasaction" time="13.596"/>
</testsuite> <!-- test.TransactionsTest -->
