<?xml version="1.0" encoding="UTF-8"?>
<!-- Generated by org.testng.reporters.JUnitReportReporter -->
<testsuite hostname="DSR" failures="0" tests="2" name="test.LogoutTest" time="28.876" errors="0" timestamp="2025-03-22T10:58:10 IST" skipped="0">
  <testcase classname="test.LogoutTest" name="verifyLogoutFromLogoutOptionUnderProfile" time="11.900"/>
  <testcase classname="test.LogoutTest" name="verifyReLoginImmediatelyAfterLogout" time="16.976"/>
</testsuite> <!-- test.LogoutTest -->
