<?xml version="1.0" encoding="UTF-8"?>
<!-- Generated by org.testng.reporters.JUnitReportReporter -->
<testsuite hostname="DSR" failures="0" tests="2" name="test.LogoutTest" time="30.274" errors="0" timestamp="2025-03-22T19:31:56 IST" skipped="0">
  <testcase classname="test.LogoutTest" name="verifyLogoutFromLogoutOptionUnderProfile" time="10.982"/>
  <testcase classname="test.LogoutTest" name="verifyReLoginImmediatelyAfterLogout" time="19.292"/>
</testsuite> <!-- test.LogoutTest -->
