<?xml version="1.0" encoding="UTF-8"?>
<!-- Generated by org.testng.reporters.JUnitReportReporter -->
<testsuite hostname="DSR" failures="0" tests="1" name="test.LoginTest" time="49.108" errors="0" timestamp="2025-03-24T21:56:11 IST" skipped="0">
  <testcase classname="test.LoginTest" name="verifyLoginWithValidEmailAndInvalidPassword" time="49.108"/>
</testsuite> <!-- test.LoginTest -->
