<?xml version="1.0" encoding="UTF-8"?>
<!-- Generated by org.testng.reporters.JUnitReportReporter -->
<testsuite hostname="DSR" failures="0" tests="1" name="test.UsersTest" time="13.822" errors="0" timestamp="2025-03-26T22:35:01 IST" skipped="0">
  <testcase classname="test.UsersTest" name="verifyPaginationControlsPresence" time="13.822"/>
</testsuite> <!-- test.UsersTest -->
