<?xml version="1.0" encoding="UTF-8"?>
<!-- Generated by org.testng.reporters.JUnitReportReporter -->
<testsuite hostname="DSR" failures="0" tests="1" name="test.LogoutTest" time="24.917" errors="0" timestamp="2025-03-23T12:11:39 IST" skipped="0">
  <testcase classname="test.LogoutTest" name="verifyReLoginImmediatelyAfterLogout" time="24.917"/>
</testsuite> <!-- test.LogoutTest -->
