<?xml version="1.0" encoding="UTF-8"?>
<!-- Generated by org.testng.reporters.JUnitReportReporter -->
<testsuite hostname="DSR" failures="0" tests="5" name="test.LoginTest" time="108.261" errors="0" timestamp="2025-03-23T11:40:14 IST" skipped="0">
  <testcase classname="test.LoginTest" name="verifyLoginPageTitleAndUrl" time="21.063"/>
  <testcase classname="test.LoginTest" name="verifyFieldAndCheckboxLabels" time="18.117"/>
  <testcase classname="test.LoginTest" name="verifyLoginUsingValidCredentials" time="27.854"/>
  <testcase classname="test.LoginTest" name="verifyLoginWithUppercaseInsensitiveEmail" time="24.665"/>
  <testcase classname="test.LoginTest" name="verifyLoginWithLowercaseInsensitiveEmail" time="16.562"/>
</testsuite> <!-- test.LoginTest -->
