<?xml version="1.0" encoding="UTF-8"?>
<!-- Generated by org.testng.reporters.JUnitReportReporter -->
<testsuite hostname="DSR" failures="0" tests="5" name="test.LoginTest" time="43.066" errors="0" timestamp="2025-03-22T10:58:10 IST" skipped="0">
  <testcase classname="test.LoginTest" name="verifyLoginPageTitleAndUrl" time="8.295"/>
  <testcase classname="test.LoginTest" name="verifyFieldAndCheckboxLabels" time="7.294"/>
  <testcase classname="test.LoginTest" name="verifyLoginUsingValidCredentials" time="9.170"/>
  <testcase classname="test.LoginTest" name="verifyLoginWithUppercaseInsensitiveEmail" time="8.939"/>
  <testcase classname="test.LoginTest" name="verifyLoginWithLowercaseInsensitiveEmail" time="9.368"/>
</testsuite> <!-- test.LoginTest -->
