<?xml version="1.0" encoding="UTF-8"?>
<!-- Generated by org.testng.reporters.JUnitReportReporter -->
<testsuite hostname="DSR" failures="0" tests="5" name="test.LoginTest" time="68.392" errors="0" timestamp="2025-03-22T19:31:56 IST" skipped="0">
  <testcase classname="test.LoginTest" name="verifyLoginPageTitleAndUrl" time="7.631"/>
  <testcase classname="test.LoginTest" name="verifyFieldAndCheckboxLabels" time="7.232"/>
  <testcase classname="test.LoginTest" name="verifyLoginUsingValidCredentials" time="15.689"/>
  <testcase classname="test.LoginTest" name="verifyLoginWithUppercaseInsensitiveEmail" time="8.653"/>
  <testcase classname="test.LoginTest" name="verifyLoginWithLowercaseInsensitiveEmail" time="29.187"/>
</testsuite> <!-- test.LoginTest -->
