<?xml version="1.0" encoding="UTF-8"?>
<!-- Generated by org.testng.reporters.JUnitReportReporter -->
<testsuite hostname="DSR" failures="0" tests="12" name="test.LoginTest" time="968.178" errors="0" timestamp="2025-03-19T22:03:27 IST" skipped="0">
  <testcase classname="test.LoginTest" name="verifyLoginPageTitleAndUrl" time="106.022"/>
  <testcase classname="test.LoginTest" name="verifyFieldAndCheckboxLabels" time="61.033"/>
  <testcase classname="test.LoginTest" name="verifyLoginUsingValidCredentials" time="75.052"/>
  <testcase classname="test.LoginTest" name="verifyLoginUsingInvalidCredentials" time="70.042"/>
  <testcase classname="test.LoginTest" name="verifyLoginWithInvalidEmailAndValidPassword" time="106.672"/>
  <testcase classname="test.LoginTest" name="verifyLoginWithValidEmailAndInvalidPassword" time="69.753"/>
  <testcase classname="test.LoginTest" name="verifyLoginWithBlankCredentials" time="90.875"/>
  <testcase classname="test.LoginTest" name="verifyLoginWithEmailOnly" time="45.923"/>
  <testcase classname="test.LoginTest" name="verifyLoginWithPasswordOnly" time="92.724"/>
  <testcase classname="test.LoginTest" name="verifyLoginWithShortPassword" time="63.214"/>
  <testcase classname="test.LoginTest" name="verifyLoginWithUppercaseInsensitiveEmail" time="97.343"/>
  <testcase classname="test.LoginTest" name="verifyLoginWithLowercaseInsensitiveEmail" time="89.525"/>
</testsuite> <!-- test.LoginTest -->
